# JRE version: OpenJDK Runtime Environment AdoptOpenJDK-11.0.11+9 (11.0.11+9) (build 11.0.11+9)
# Java VM: OpenJDK 64-Bit Server VM AdoptOpenJDK-11.0.11+9 (11.0.11+9, mixed mode, tiered, compressed oops, g1 gc, windows-amd64)
Heap:
 garbage-first heap   total 262144K, used 40872K [0x0000000700c00000, 0x0000000800000000)
  region size 1024K, 22 young (22528K), 9 survivors (9216K)
 Metaspace       used 29925K, capacity 30857K, committed 31024K, reserved 1077248K
  class space    used 3490K, capacity 3888K, committed 3968K, reserved 1048576K
GC Heap History (10 events):
Event: 0.689 GC heap before
{Heap before GC invocations=0 (full 0):
 garbage-first heap   total 262144K, used 23552K [0x0000000700c00000, 0x0000000800000000)
  region size 1024K, 24 young (24576K), 0 survivors (0K)
 Metaspace       used 13187K, capacity 13551K, committed 13824K, reserved 1060864K
  class space    used 1237K, capacity 1411K, committed 1536K, reserved 1048576K
}
Event: 0.694 GC heap after
{Heap after GC invocations=1 (full 0):
 garbage-first heap   total 262144K, used 5830K [0x0000000700c00000, 0x0000000800000000)
  region size 1024K, 3 young (3072K), 3 survivors (3072K)
 Metaspace       used 13187K, capacity 13551K, committed 13824K, reserved 1060864K
  class space    used 1237K, capacity 1411K, committed 1536K, reserved 1048576K
}
Event: 1.455 GC heap before
{Heap before GC invocations=1 (full 0):
 garbage-first heap   total 262144K, used 43718K [0x0000000700c00000, 0x0000000800000000)
  region size 1024K, 41 young (41984K), 3 survivors (3072K)
 Metaspace       used 20771K, capacity 21228K, committed 21296K, reserved 1069056K
  class space    used 2209K, capacity 2414K, committed 2432K, reserved 1048576K
}
Event: 1.460 GC heap after
{Heap after GC invocations=2 (full 0):
 garbage-first heap   total 262144K, used 7259K [0x0000000700c00000, 0x0000000800000000)
  region size 1024K, 5 young (5120K), 5 survivors (5120K)
 Metaspace       used 20771K, capacity 21228K, committed 21296K, reserved 1069056K
  class space    used 2209K, capacity 2414K, committed 2432K, reserved 1048576K
}
Event: 2.013 GC heap before
{Heap before GC invocations=3 (full 0):
 garbage-first heap   total 262144K, used 25691K [0x0000000700c00000, 0x0000000800000000)
  region size 1024K, 23 young (23552K), 5 survivors (5120K)
 Metaspace       used 23955K, capacity 24630K, committed 24752K, reserved 1071104K
  class space    used 2744K, capacity 3064K, committed 3072K, reserved 1048576K
}
Event: 2.017 GC heap after
{Heap after GC invocations=4 (full 0):
 garbage-first heap   total 262144K, used 8375K [0x0000000700c00000, 0x0000000800000000)
  region size 1024K, 2 young (2048K), 2 survivors (2048K)
 Metaspace       used 23955K, capacity 24630K, committed 24752K, reserved 1071104K
  class space    used 2744K, capacity 3064K, committed 3072K, reserved 1048576K
}
Event: 2.576 GC heap before
{Heap before GC invocations=4 (full 0):
 garbage-first heap   total 262144K, used 69815K [0x0000000700c00000, 0x0000000800000000)
  region size 1024K, 62 young (63488K), 2 survivors (2048K)
 Metaspace       used 25026K, capacity 25729K, committed 25904K, reserved 1073152K
  class space    used 2842K, capacity 3150K, committed 3200K, reserved 1048576K
}
Event: 2.585 GC heap after
{Heap after GC invocations=5 (full 0):
 garbage-first heap   total 262144K, used 19304K [0x0000000700c00000, 0x0000000800000000)
  region size 1024K, 8 young (8192K), 8 survivors (8192K)
 Metaspace       used 25026K, capacity 25729K, committed 25904K, reserved 1073152K
  class space    used 2842K, capacity 3150K, committed 3200K, reserved 1048576K
}
Event: 3.279 GC heap before
{Heap before GC invocations=5 (full 0):
 garbage-first heap   total 262144K, used 110440K [0x0000000700c00000, 0x0000000800000000)
  region size 1024K, 98 young (100352K), 8 survivors (8192K)
 Metaspace       used 29139K, capacity 30037K, committed 30128K, reserved 1075200K
  class space    used 3391K, capacity 3764K, committed 3840K, reserved 1048576K
}
Event: 3.290 GC heap after
{Heap after GC invocations=6 (full 0):
 garbage-first heap   total 262144K, used 28584K [0x0000000700c00000, 0x0000000800000000)
  region size 1024K, 9 young (9216K), 9 survivors (9216K)
 Metaspace       used 29139K, capacity 30037K, committed 30128K, reserved 1075200K
  class space    used 3391K, capacity 3764K, committed 3840K, reserved 1048576K
}

